 
****************************************
Report : timing
        -path full
        -delay max
        -max_paths 1
Design : PIPED_FPA
Version: Z-2007.03-SP1
Date   : Thu Nov  1 13:57:06 2018
****************************************

Operating Conditions: typical   Library: NangateOpenCellLibrary
Wire Load Model Mode: top

  Startpoint: OP2_t_reg[27]
              (rising edge-triggered flip-flop clocked by CLK)
  Endpoint: RES_reg[20]
            (rising edge-triggered flip-flop clocked by CLK)
  Path Group: CLK
  Path Type: max

  Des/Clust/Port     Wire Load Model       Library
  ------------------------------------------------
  PIPED_FPA          1K_hvratio_1_4        NangateOpenCellLibrary

  Point                                    Incr       Path
  -----------------------------------------------------------
  clock CLK (rise edge)                    0.00       0.00
  clock network delay (ideal)              0.00       0.00
  OP2_t_reg[27]/CK (DFF_X1)                0.00       0.00 r
  OP2_t_reg[27]/Q (DFF_X1)                 0.09       0.09 r
  U804/ZN (NAND2_X1)                       0.03       0.12 f
  U805/ZN (NAND3_X1)                       0.03       0.15 r
  U807/ZN (NAND4_X1)                       0.05       0.20 f
  U809/ZN (OAI211_X1)                      0.07       0.26 r
  U529/Z (BUF_X1)                          0.04       0.31 r
  U531/Z (MUX2_X1)                         0.08       0.38 f
  U813/ZN (NAND2_X1)                       0.03       0.42 r
  U552/ZN (NAND2_X1)                       0.02       0.44 f
  U556/ZN (NOR2_X1)                        0.03       0.47 r
  U561/ZN (NAND4_X1)                       0.03       0.51 f
  U563/ZN (NAND4_X1)                       0.03       0.54 r
  U564/ZN (XNOR2_X1)                       0.06       0.60 r
  U827/ZN (NOR2_X1)                        0.02       0.62 f
  U825/ZN (NAND2_X1)                       0.04       0.67 r
  U532/ZN (NOR2_X2)                        0.04       0.71 f
  U535/ZN (AOI22_X1)                       0.06       0.77 r
  U743/ZN (NAND3_X1)                       0.04       0.82 f
  U749/ZN (OR2_X2)                         0.06       0.87 f
  U751/ZN (OAI21_X1)                       0.03       0.91 r
  U754/ZN (AOI21_X1)                       0.03       0.94 f
  U755/ZN (OAI21_X1)                       0.05       0.99 r
  U757/ZN (AOI21_X1)                       0.03       1.02 f
  U662/ZN (INV_X1)                         0.05       1.07 r
  U567/ZN (AOI21_X1)                       0.03       1.10 f
  U568/ZN (XNOR2_X1)                       0.05       1.15 f
  U569/ZN (NAND2_X1)                       0.03       1.18 r
  U759/ZN (NAND2_X1)                       0.03       1.21 f
  U788/ZN (NOR3_X1)                        0.06       1.27 r
  U789/ZN (NAND4_X1)                       0.05       1.31 f
  U576/ZN (NOR2_X1)                        0.05       1.37 r
  U840/Z (BUF_X1)                          0.04       1.41 r
  U843/ZN (NOR2_X1)                        0.02       1.43 f
  U667/ZN (AND2_X1)                        0.04       1.47 f
  U668/ZN (AOI22_X1)                       0.04       1.51 r
  U676/ZN (AND2_X2)                        0.05       1.56 r
  U761/ZN (NAND2_X1)                       0.03       1.59 f
  U762/ZN (NOR2_X1)                        0.05       1.64 r
  U540/Z (BUF_X2)                          0.05       1.69 r
  U541/ZN (AND2_X1)                        0.05       1.74 r
  U583/ZN (NOR2_X1)                        0.02       1.76 f
  U587/ZN (AOI21_X1)                       0.04       1.79 r
  U592/ZN (AOI21_X1)                       0.02       1.82 f
  U594/ZN (AND3_X1)                        0.04       1.86 f
  U549/ZN (OAI21_X1)                       0.03       1.89 r
  RES_reg[20]/D (DFF_X2)                   0.01       1.89 r
  data arrival time                                   1.89

  clock CLK (rise edge)                    1.50       1.50
  clock network delay (ideal)              0.00       1.50
  RES_reg[20]/CK (DFF_X2)                  0.00       1.50 r
  library setup time                      -0.03       1.47
  data required time                                  1.47
  -----------------------------------------------------------
  data required time                                  1.47
  data arrival time                                  -1.89
  -----------------------------------------------------------
  slack (VIOLATED)                                   -0.43


1
