Loading db file '/home/mariagrazia.graziano/do/libnangate/NangateOpenCellLibrary_typical_ecsm.db'
Information: Updating design information... (UID-85)
Warning: Design 'DLX' contains 1 high-fanout nets. A fanout number of 1000 will be used for delay calculations involving these nets. (TIM-134)
Information: Propagating switching activity (low effort zero delay simulation). (PWR-6)
Warning: Design has unannotated primary inputs. (PWR-414)
Warning: Design has unannotated sequential cell outputs. (PWR-415)
 
****************************************
Report : power
        -analysis_effort low
Design : DLX
Version: Z-2007.03-SP1
Date   : Thu Oct 25 20:59:41 2018
****************************************


Library(s) Used:

    NangateOpenCellLibrary (File: /home/mariagrazia.graziano/do/libnangate/NangateOpenCellLibrary_typical_ecsm.db)


Operating Conditions: typical   Library: NangateOpenCellLibrary
Wire Load Model Mode: top

Design        Wire Load Model            Library
------------------------------------------------
DLX                    5K_hvratio_1_1    NangateOpenCellLibrary


Global Operating Voltage = 1.1  
Power-specific unit information :
    Voltage Units = 1V
    Capacitance Units = 1.000000ff
    Time Units = 1ns
    Dynamic Power Units = 1uW    (derived from V,C,T units)
    Leakage Power Units = 1nW


  Cell Internal Power  =   5.5255 mW   (81%)
  Net Switching Power  =   1.2948 mW   (19%)
                         ---------
Total Dynamic Power    =   6.8203 mW  (100%)

Cell Leakage Power     = 495.8430 uW

1
